2021-02-23 09:10:59.192 [main-36] INFO  com.abcnull.util.PropertiesReader.readProperties - 读取项目配置文件
2021-02-23 09:10:59.216 [main-59] INFO  com.abcnull.util.RedisUtil.initJedisPool - 开始初始化 redis 连接池
2021-02-23 09:10:59.216 [main-67] ERROR com.abcnull.util.RedisUtil.initJedisPool - redis 连接池生成失败！
2021-02-23 09:10:59.242 [TestNG-tests-1-91] ERROR com.abcnull.util.RedisUtil.initJedis - 从连接池中生成一个新的连接失败！
2021-02-23 09:11:20.078 [TestNG-tests-1-143] INFO  com.abcnull.basetest.BaseDriver.closeBrowser - chrome浏览器已成功关闭！
2021-02-23 09:11:57.785 [main-36] INFO  com.abcnull.util.PropertiesReader.readProperties - 读取项目配置文件
2021-02-23 09:11:57.801 [main-59] INFO  com.abcnull.util.RedisUtil.initJedisPool - 开始初始化 redis 连接池
2021-02-23 09:11:57.802 [main-67] ERROR com.abcnull.util.RedisUtil.initJedisPool - redis 连接池生成失败！
2021-02-23 09:11:57.823 [TestNG-tests-1-91] ERROR com.abcnull.util.RedisUtil.initJedis - 从连接池中生成一个新的连接失败！
2021-02-23 09:12:00.452 [TestNG-tests-1-107] INFO  com.abcnull.basetest.BaseDriver.startBrowser - 浏览器：chrome 成功启动！
2021-02-23 09:12:10.539 [TestNG-tests-1-42] INFO  com.abcnull.pageobject.page.BaiduPage.enterPage - 跳转进入百度页面
2021-02-23 09:12:11.157 [TestNG-tests-1-52] INFO  com.abcnull.pageobject.page.BaiduPage.search - 搜索
2021-02-23 09:12:12.016 [TestNG-tests-1-52] INFO  com.abcnull.pageobject.page.BaiduPage.search - 搜索
2021-02-23 09:12:15.468 [TestNG-tests-1-143] INFO  com.abcnull.basetest.BaseDriver.closeBrowser - chrome浏览器已成功关闭！
2021-02-23 09:12:53.201 [main-36] INFO  com.abcnull.util.PropertiesReader.readProperties - 读取项目配置文件
2021-02-23 09:12:53.211 [main-59] INFO  com.abcnull.util.RedisUtil.initJedisPool - 开始初始化 redis 连接池
2021-02-23 09:12:53.212 [main-67] ERROR com.abcnull.util.RedisUtil.initJedisPool - redis 连接池生成失败！
2021-02-23 09:12:53.225 [TestNG-tests-1-91] ERROR com.abcnull.util.RedisUtil.initJedis - 从连接池中生成一个新的连接失败！
2021-02-23 09:12:55.587 [TestNG-tests-1-107] INFO  com.abcnull.basetest.BaseDriver.startBrowser - 浏览器：chrome 成功启动！
2021-02-23 09:13:05.669 [TestNG-tests-1-42] INFO  com.abcnull.pageobject.page.BaiduPage.enterPage - 跳转进入百度页面
2021-02-23 09:13:06.230 [TestNG-tests-1-52] INFO  com.abcnull.pageobject.page.BaiduPage.search - 搜索
2021-02-23 09:13:07.066 [TestNG-tests-1-52] INFO  com.abcnull.pageobject.page.BaiduPage.search - 搜索
2021-02-23 09:13:07.238 [TestNG-tests-1-36] INFO  com.abcnull.util.ScreenshotUtil.capture - 开始截图
2021-02-23 09:13:10.480 [TestNG-tests-1-143] INFO  com.abcnull.basetest.BaseDriver.closeBrowser - chrome浏览器已成功关闭！
2021-02-23 10:10:34.670 [main-36] INFO  com.abcnull.util.PropertiesReader.readProperties - 读取项目配置文件
2021-02-23 10:10:34.683 [main-59] INFO  com.abcnull.util.RedisUtil.initJedisPool - 开始初始化 redis 连接池
2021-02-23 10:10:34.683 [main-67] ERROR com.abcnull.util.RedisUtil.initJedisPool - redis 连接池生成失败！
2021-02-23 10:10:34.697 [TestNG-tests-1-91] ERROR com.abcnull.util.RedisUtil.initJedis - 从连接池中生成一个新的连接失败！
2021-02-23 10:10:37.306 [TestNG-tests-1-107] INFO  com.abcnull.basetest.BaseDriver.startBrowser - 浏览器：chrome 成功启动！
2021-02-23 10:10:47.392 [TestNG-tests-1-42] INFO  com.abcnull.pageobject.page.BaiduPage.enterPage - 跳转进入百度页面
2021-02-23 10:10:48.007 [TestNG-tests-1-52] INFO  com.abcnull.pageobject.page.BaiduPage.search - 搜索
2021-02-23 10:10:48.868 [TestNG-tests-1-52] INFO  com.abcnull.pageobject.page.BaiduPage.search - 搜索
2021-02-23 10:10:53.074 [TestNG-tests-1-143] INFO  com.abcnull.basetest.BaseDriver.closeBrowser - chrome浏览器已成功关闭！
2021-02-23 10:50:28.345 [main-36] INFO  com.abcnull.util.PropertiesReader.readProperties - 读取项目配置文件
2021-02-23 10:50:28.355 [main-59] INFO  com.abcnull.util.RedisUtil.initJedisPool - 开始初始化 redis 连接池
2021-02-23 10:50:28.356 [main-67] ERROR com.abcnull.util.RedisUtil.initJedisPool - redis 连接池生成失败！
2021-02-23 10:50:28.371 [TestNG-tests-1-91] ERROR com.abcnull.util.RedisUtil.initJedis - 从连接池中生成一个新的连接失败！
2021-02-23 10:50:31.084 [TestNG-tests-1-107] INFO  com.abcnull.basetest.BaseDriver.startBrowser - 浏览器：chrome 成功启动！
2021-02-23 10:50:41.172 [TestNG-tests-1-42] INFO  com.abcnull.pageobject.page.BaiduPage.enterPage - 跳转进入百度页面
2021-02-23 10:50:41.759 [TestNG-tests-1-52] INFO  com.abcnull.pageobject.page.BaiduPage.search - 搜索
2021-02-23 10:50:46.350 [TestNG-tests-1-143] INFO  com.abcnull.basetest.BaseDriver.closeBrowser - chrome浏览器已成功关闭！
2021-02-23 10:52:26.487 [main-36] INFO  com.abcnull.util.PropertiesReader.readProperties - 读取项目配置文件
2021-02-23 10:52:26.503 [main-59] INFO  com.abcnull.util.RedisUtil.initJedisPool - 开始初始化 redis 连接池
2021-02-23 10:52:26.503 [main-67] ERROR com.abcnull.util.RedisUtil.initJedisPool - redis 连接池生成失败！
2021-02-23 10:52:26.519 [TestNG-tests-1-91] ERROR com.abcnull.util.RedisUtil.initJedis - 从连接池中生成一个新的连接失败！
2021-02-23 10:52:28.727 [TestNG-tests-1-107] INFO  com.abcnull.basetest.BaseDriver.startBrowser - 浏览器：chrome 成功启动！
2021-02-23 10:52:38.810 [TestNG-tests-1-42] INFO  com.abcnull.pageobject.page.BaiduPage.enterPage - 跳转进入百度页面
2021-02-23 10:52:39.484 [TestNG-tests-1-52] INFO  com.abcnull.pageobject.page.BaiduPage.search - 搜索
2021-02-23 10:52:53.310 [TestNG-tests-1-143] INFO  com.abcnull.basetest.BaseDriver.closeBrowser - chrome浏览器已成功关闭！
2021-02-23 11:01:10.566 [main-36] INFO  com.abcnull.util.PropertiesReader.readProperties - 读取项目配置文件
2021-02-23 11:01:10.577 [main-59] INFO  com.abcnull.util.RedisUtil.initJedisPool - 开始初始化 redis 连接池
2021-02-23 11:01:10.578 [main-67] ERROR com.abcnull.util.RedisUtil.initJedisPool - redis 连接池生成失败！
2021-02-23 11:01:10.582 [TestNG-tests-1-26] INFO  com.abcnull.listener.TestLogListener.onStart - ====================百度测试开始====================
2021-02-23 11:01:10.595 [TestNG-tests-1-91] ERROR com.abcnull.util.RedisUtil.initJedis - 从连接池中生成一个新的连接失败！
2021-02-23 11:01:12.865 [TestNG-tests-1-107] INFO  com.abcnull.basetest.BaseDriver.startBrowser - 浏览器：chrome 成功启动！
2021-02-23 11:01:12.882 [TestNG-tests-1-37] INFO  com.abcnull.listener.TestLogListener.onTestStart - ========com.abcnull.testcase.BaiduTest.testSearch测试开始========
2021-02-23 11:01:22.969 [TestNG-tests-1-42] INFO  com.abcnull.pageobject.page.BaiduPage.enterPage - 跳转进入百度页面
2021-02-23 11:01:23.817 [TestNG-tests-1-52] INFO  com.abcnull.pageobject.page.BaiduPage.search - 搜索
2021-02-23 11:01:34.518 [TestNG-tests-1-59] ERROR com.abcnull.listener.TestLogListener.onTestFailure - ========com.abcnull.testcase.BaiduTest.testSearch测试失败,失败原因如下：
org.openqa.selenium.TimeoutException: Expected condition failed: waiting for title to contain "Hello world". Current title: "abcnulls_百度搜索" (tried for 10 second(s) with 500 milliseconds interval)
Build info: version: '3.141.59', revision: 'e82be7d358', time: '2018-11-14T08:17:03'
System info: host: 'Derrick.local', ip: 'fe80:0:0:0:cc:bd44:b3b9:1f7a%en0', os.name: 'Mac OS X', os.arch: 'x86_64', os.version: '10.14.6', java.version: '1.8.0_181'
Driver info: org.openqa.selenium.chrome.ChromeDriver
Capabilities {acceptInsecureCerts: false, browserName: chrome, browserVersion: 88.0.4324.182, chrome: {chromedriverVersion: 88.0.4324.96 (68dba2d8a0b14..., userDataDir: /var/folders/1y/pp3cf5693d3...}, goog:chromeOptions: {debuggerAddress: localhost:65206}, javascriptEnabled: true, networkConnectionEnabled: false, pageLoadStrategy: normal, platform: MAC, platformName: MAC, proxy: Proxy(), setWindowRect: true, strictFileInteractability: false, timeouts: {implicit: 0, pageLoad: 300000, script: 30000}, unhandledPromptBehavior: dismiss and notify, webauthn:extension:largeBlob: true, webauthn:virtualAuthenticators: true}
Session ID: 9cd967b9404619147f338a6bd99a3e68========
2021-02-23 11:01:34.520 [TestNG-tests-1-37] INFO  com.abcnull.util.ScreenshotUtil.capture - 开始截图
2021-02-23 11:01:38.665 [TestNG-tests-1-143] INFO  com.abcnull.basetest.BaseDriver.closeBrowser - chrome浏览器已成功关闭！
2021-02-23 11:01:38.666 [TestNG-tests-1-83] INFO  com.abcnull.listener.TestLogListener.onFinish - ====================百度测试结束====================
2021-02-23 11:01:38.688 [main-53] INFO  com.abcnull.listener.ExtentTestReporterListener.generateReport - 开始产生 extentreports 测试报告
2021-02-23 11:01:39.308 [main-98] INFO  com.abcnull.listener.TestReportListener.generateReport - 开始产生 BeautifulReport 测试报告
2021-02-23 11:05:45.141 [main-36] INFO  com.abcnull.util.PropertiesReader.readProperties - 读取项目配置文件
2021-02-23 11:05:45.168 [main-59] INFO  com.abcnull.util.RedisUtil.initJedisPool - 开始初始化 redis 连接池
2021-02-23 11:05:45.169 [main-67] ERROR com.abcnull.util.RedisUtil.initJedisPool - redis 连接池生成失败！
2021-02-23 11:05:45.191 [TestNG-tests-1-26] INFO  com.abcnull.listener.TestLogListener.onStart - ====================百度测试开始====================
2021-02-23 11:05:45.203 [TestNG-tests-1-91] ERROR com.abcnull.util.RedisUtil.initJedis - 从连接池中生成一个新的连接失败！
2021-02-23 11:05:48.202 [TestNG-tests-1-107] INFO  com.abcnull.basetest.BaseDriver.startBrowser - 浏览器：chrome 成功启动！
2021-02-23 11:05:58.286 [TestNG-tests-1-37] INFO  com.abcnull.listener.TestLogListener.onTestStart - ========com.abcnull.testcase.BaiduTest.testSearch测试开始========
2021-02-23 11:05:58.305 [TestNG-tests-1-42] INFO  com.abcnull.pageobject.page.BaiduPage.enterPage - 跳转进入百度页面
2021-02-23 11:05:59.114 [TestNG-tests-1-52] INFO  com.abcnull.pageobject.page.BaiduPage.search - 搜索
2021-02-23 11:06:09.877 [TestNG-tests-1-59] ERROR com.abcnull.listener.TestLogListener.onTestFailure - ========com.abcnull.testcase.BaiduTest.testSearch测试失败,失败原因如下：
org.openqa.selenium.TimeoutException: Expected condition failed: waiting for title to contain "Hello world". Current title: "abcnulls_百度搜索" (tried for 10 second(s) with 500 milliseconds interval)
Build info: version: '3.141.59', revision: 'e82be7d358', time: '2018-11-14T08:17:03'
System info: host: 'Derrick.local', ip: 'fe80:0:0:0:cc:bd44:b3b9:1f7a%en0', os.name: 'Mac OS X', os.arch: 'x86_64', os.version: '10.14.6', java.version: '1.8.0_181'
Driver info: org.openqa.selenium.chrome.ChromeDriver
Capabilities {acceptInsecureCerts: false, browserName: chrome, browserVersion: 88.0.4324.182, chrome: {chromedriverVersion: 88.0.4324.96 (68dba2d8a0b14..., userDataDir: /var/folders/1y/pp3cf5693d3...}, goog:chromeOptions: {debuggerAddress: localhost:65452}, javascriptEnabled: true, networkConnectionEnabled: false, pageLoadStrategy: normal, platform: MAC, platformName: MAC, proxy: Proxy(), setWindowRect: true, strictFileInteractability: false, timeouts: {implicit: 0, pageLoad: 300000, script: 30000}, unhandledPromptBehavior: dismiss and notify, webauthn:extension:largeBlob: true, webauthn:virtualAuthenticators: true}
Session ID: c5f7f96f9b63193d2848809c0cd016af========
2021-02-23 11:06:09.880 [TestNG-tests-1-37] INFO  com.abcnull.util.ScreenshotUtil.capture - 开始截图
2021-02-23 11:06:13.784 [TestNG-tests-1-143] INFO  com.abcnull.basetest.BaseDriver.closeBrowser - chrome浏览器已成功关闭！
2021-02-23 11:06:13.796 [TestNG-tests-1-83] INFO  com.abcnull.listener.TestLogListener.onFinish - ====================百度测试结束====================
2021-02-23 11:06:13.802 [main-53] INFO  com.abcnull.listener.ExtentTestReporterListener.generateReport - 开始产生 extentreports 测试报告
2021-02-23 11:06:14.370 [main-98] INFO  com.abcnull.listener.TestReportListener.generateReport - 开始产生 BeautifulReport 测试报告
