<!DOCTYPE html PUBLIC "-//W3C//DTD XHTML 1.1//EN" "http://www.w3.org/TR/xhtml11/DTD/xhtml11.dtd">
<html xmlns="http://www.w3.org/1999/xhtml">
<head>
<meta http-equiv="content-type" content="text/html; charset=UTF-8"/>
<title>TestNG Report</title>
<style type="text/css">table {margin-bottom:10px;border-collapse:collapse;empty-cells:show}th,td {border:1px solid #009;padding:.25em .5em}th {vertical-align:bottom}td {vertical-align:top}table a {font-weight:bold}.stripe td {background-color: #E6EBF9}.num {text-align:right}.passedodd td {background-color: #3F3}.passedeven td {background-color: #0A0}.skippedodd td {background-color: #DDD}.skippedeven td {background-color: #CCC}.failedodd td,.attn {background-color: #F33}.failedeven td,.stripe .attn {background-color: #D00}.stacktrace {white-space:pre;font-family:monospace}.totop {font-size:85%;text-align:center;border-bottom:2px solid #000}.invisible {display:none}</style>
</head>
<body>
<table>
<tr><th>Test</th><th># Passed</th><th># Skipped</th><th># Failed</th><th>Time (ms)</th><th>Included Groups</th><th>Excluded Groups</th></tr>
<tr><th colspan="7">WebUI Test Suite</th></tr>
<tr><th colspan="7">liming Test Suite</th></tr>
<tr><td><a href="#t0">百度测试</a></td><td class="num">0</td><td class="num attn">1</td><td class="num">0</td><td class="num">20,229</td><td></td><td></td></tr>
</table>
<table id='summary'><thead><tr><th>Class</th><th>Method</th><th>Start</th><th>Time (ms)</th></tr></thead><tbody><tr><th colspan="4">WebUI Test Suite</th></tr></tbody><tbody><tr><th colspan="4">liming Test Suite</th></tr></tbody><tbody id="t0"><tr><th colspan="4">百度测试 &#8212; failed (configuration methods)</th></tr><tr class="failedeven"><td rowspan="2">com.abcnull.testcase.BaiduTest</td><td><a href="#m0">afterTest</a></td><td rowspan="1">1614146587543</td><td rowspan="1">0</td></tr><tr class="failedeven"><td><a href="#m1">beforeTest</a></td><td rowspan="1">1614146572328</td><td rowspan="1">74</td></tr><tr><th colspan="4">百度测试 &#8212; skipped (configuration methods)</th></tr><tr class="skippedeven"><td rowspan="1">com.abcnull.testcase.BaiduTest</td><td><a href="#m2">beforeClass</a></td><td rowspan="1">1614146582526</td><td rowspan="1">0</td></tr><tr><th colspan="4">百度测试 &#8212; skipped</th></tr><tr class="skippedeven"><td rowspan="1">com.abcnull.testcase.BaiduTest</td><td><a href="#m3">testSearch</a></td><td rowspan="1">1614146582531</td><td rowspan="1">0</td></tr></tbody>
</table>
<h2>百度测试</h2><h3 id="m0">com.abcnull.testcase.BaiduTest#afterTest</h3><table class="result"><tr><th>Exception</th></tr><tr><td><div class="stacktrace">java.lang.NullPointerException
	at com.abcnull.basetest.BaseDriver.closeBrowser(BaseDriver.java:137)
	at com.abcnull.basetest.BaseTest.afterTest(BaseTest.java:114)
	at java.util.concurrent.FutureTask.run(FutureTask.java:266)
	at java.util.concurrent.ThreadPoolExecutor.runWorker(ThreadPoolExecutor.java:1149)
	at java.util.concurrent.ThreadPoolExecutor$Worker.run(ThreadPoolExecutor.java:624)
	at java.lang.Thread.run(Thread.java:748)
... Removed 15 stack frames</div></td></tr></table><p class="totop"><a href="#summary">back to summary</a></p>
<h3 id="m1">com.abcnull.testcase.BaiduTest#beforeTest</h3><table class="result"><tr class="param"><th>Parameter #1</th><th>Parameter #2</th><th>Parameter #3</th><th>Parameter #4</th><th>Parameter #5</th><th>Parameter #6</th></tr><tr class="param stripe"><td>chrome</td><td>pc</td><td>desktop</td><td>null</td><td>4444</td><td>null</td></tr><tr><th colspan="6">Exception</th></tr><tr><td colspan="6"><div class="stacktrace">java.lang.IllegalStateException: The driver executable does not exist: /Derrick/SZ/selenium_hupo/target/test-classes/drivers/root/chrome_driver/chromedriver
	at com.google.common.base.Preconditions.checkState(Preconditions.java:585)
	at org.openqa.selenium.remote.service.DriverService.checkExecutable(DriverService.java:146)
	at org.openqa.selenium.remote.service.DriverService.findExecutable(DriverService.java:141)
	at org.openqa.selenium.chrome.ChromeDriverService.access$000(ChromeDriverService.java:35)
	at org.openqa.selenium.chrome.ChromeDriverService$Builder.findDefaultExecutable(ChromeDriverService.java:159)
	at org.openqa.selenium.remote.service.DriverService$Builder.build(DriverService.java:355)
	at org.openqa.selenium.chrome.ChromeDriverService.createDefaultService(ChromeDriverService.java:94)
	at org.openqa.selenium.chrome.ChromeDriver.&lt;init&gt;(ChromeDriver.java:157)
	at com.abcnull.basetest.ChromeDriverHandler.startBrowser(ChromeDriverHandler.java:71)
	at com.abcnull.basetest.HeadHandler.startBrowser(HeadHandler.java:23)
	at com.abcnull.basetest.DriverHandler.start(DriverHandler.java:35)
	at com.abcnull.basetest.BaseDriver.startBrowser(BaseDriver.java:93)
	at com.abcnull.basetest.BaseTest.beforeTest(BaseTest.java:79)
	at java.util.concurrent.FutureTask.run(FutureTask.java:266)
	at java.util.concurrent.ThreadPoolExecutor.runWorker(ThreadPoolExecutor.java:1149)
	at java.util.concurrent.ThreadPoolExecutor$Worker.run(ThreadPoolExecutor.java:624)
	at java.lang.Thread.run(Thread.java:748)
... Removed 15 stack frames</div></td></tr></table><p class="totop"><a href="#summary">back to summary</a></p>
<h3 id="m2">com.abcnull.testcase.BaiduTest#beforeClass</h3><table class="result"><tr><th class="invisible"/></tr></table><p class="totop"><a href="#summary">back to summary</a></p>
<h3 id="m3">com.abcnull.testcase.BaiduTest#testSearch</h3><table class="result"><tr><th>Exception</th></tr><tr><td><div class="stacktrace">java.lang.IllegalStateException: The driver executable does not exist: /Derrick/SZ/selenium_hupo/target/test-classes/drivers/root/chrome_driver/chromedriver
	at com.google.common.base.Preconditions.checkState(Preconditions.java:585)
	at org.openqa.selenium.remote.service.DriverService.checkExecutable(DriverService.java:146)
	at org.openqa.selenium.remote.service.DriverService.findExecutable(DriverService.java:141)
	at org.openqa.selenium.chrome.ChromeDriverService.access$000(ChromeDriverService.java:35)
	at org.openqa.selenium.chrome.ChromeDriverService$Builder.findDefaultExecutable(ChromeDriverService.java:159)
	at org.openqa.selenium.remote.service.DriverService$Builder.build(DriverService.java:355)
	at org.openqa.selenium.chrome.ChromeDriverService.createDefaultService(ChromeDriverService.java:94)
	at org.openqa.selenium.chrome.ChromeDriver.&lt;init&gt;(ChromeDriver.java:157)
	at com.abcnull.basetest.ChromeDriverHandler.startBrowser(ChromeDriverHandler.java:71)
	at com.abcnull.basetest.HeadHandler.startBrowser(HeadHandler.java:23)
	at com.abcnull.basetest.DriverHandler.start(DriverHandler.java:35)
	at com.abcnull.basetest.BaseDriver.startBrowser(BaseDriver.java:93)
	at com.abcnull.basetest.BaseTest.beforeTest(BaseTest.java:79)
	at java.util.concurrent.FutureTask.run(FutureTask.java:266)
	at java.util.concurrent.ThreadPoolExecutor.runWorker(ThreadPoolExecutor.java:1149)
	at java.util.concurrent.ThreadPoolExecutor$Worker.run(ThreadPoolExecutor.java:624)
	at java.lang.Thread.run(Thread.java:748)
... Removed 15 stack frames</div></td></tr></table><p class="totop"><a href="#summary">back to summary</a></p>
</body>
</html>
