-------------------------------------------------------------------------------
Test set: TestSuite
-------------------------------------------------------------------------------
Tests run: 4, Failures: 2, Errors: 0, Skipped: 2, Time elapsed: 36.798 s <<< FAILURE! - in TestSuite
beforeTest(com.abcnull.testcase.BaiduTest)  Time elapsed: 16.25 s  <<< FAILURE!
java.lang.IllegalStateException: The driver executable does not exist: /Derrick/SZ/selenium_hupo/target/test-classes/drivers/root/chrome_driver/chromedriver

afterTest(com.abcnull.testcase.BaiduTest)  Time elapsed: 26.279 s  <<< FAILURE!
java.lang.NullPointerException

